#
# A fatal error has been detected by the Java Runtime Environment:
#
#  Internal Error (classFileParser.cpp:3375), pid=22170, tid=3077983088
#  Error: ShouldNotReachHere()
#
# JRE version: 6.0_20-b20
# Java VM: OpenJDK Client VM (19.0-b09 mixed mode linux-x86 )
# Derivative: IcedTea6 1.9.7
# Distribution: Ubuntu 10.10, package 6b20-1.9.7-0ubuntu1
# If you would like to submit a bug report, please include
# instructions how to reproduce the bug and visit:
#   https://bugs.launchpad.net/ubuntu/+source/openjdk-6/
#

---------------  T H R E A D  ---------------

Current thread (0x08eac000):  JavaThread "Unknown thread" [_thread_in_vm, id=22174, stack(0xb7714000,0xb7765000)]

Stack: [0xb7714000,0xb7765000],  sp=0xb7763800,  free space=318k
Native frames: (J=compiled Java code, j=interpreted, Vv=VM code, C=native code)
V  [libjvm.so+0x3e95a7]
V  [libjvm.so+0x3e97f1]
V  [libjvm.so+0x17865e]
V  [libjvm.so+0x1786d9]
V  [libjvm.so+0x1201e6]
V  [libjvm.so+0x12347b]
V  [libjvm.so+0x38fdf9]
V  [libjvm.so+0x3907d2]
V  [libjvm.so+0x390bb4]
V  [libjvm.so+0x391b90]
V  [libjvm.so+0x391c4a]
V  [libjvm.so+0x391cdd]
V  [libjvm.so+0x391d36]
V  [libjvm.so+0x391e13]
V  [libjvm.so+0x392109]
V  [libjvm.so+0x3c93ef]
V  [libjvm.so+0x3c9dfc]
V  [libjvm.so+0x1d9b98]
V  [libjvm.so+0x3bd3dc]
V  [libjvm.so+0x2133ec]
C  [java+0x2238]  JavaMain+0x88
C  [libpthread.so.0+0x5cc9]


---------------  P R O C E S S  ---------------

Java Threads: ( => current thread )

Other Threads:

=>0x08eac000 (exited) JavaThread "Unknown thread" [_thread_in_vm, id=22174, stack(0xb7714000,0xb7765000)]

VM state:not at safepoint (not fully initialized)

VM Mutex/Monitor currently owned by a thread: None

Dynamic libraries:
00110000-00125000 r-xp 00000000 08:02 476623     /lib/libpthread-2.12.1.so
00125000-00126000 ---p 00015000 08:02 476623     /lib/libpthread-2.12.1.so
00126000-00127000 r--p 00015000 08:02 476623     /lib/libpthread-2.12.1.so
00127000-00128000 rw-p 00016000 08:02 476623     /lib/libpthread-2.12.1.so
00128000-0012a000 rw-p 00000000 00:00 0 
0012a000-0014e000 r-xp 00000000 08:02 475350     /lib/libm-2.12.1.so
0014e000-0014f000 r--p 00023000 08:02 475350     /lib/libm-2.12.1.so
0014f000-00150000 rw-p 00024000 08:02 475350     /lib/libm-2.12.1.so
00150000-00157000 r-xp 00000000 08:02 476625     /lib/librt-2.12.1.so
00157000-00158000 r--p 00006000 08:02 476625     /lib/librt-2.12.1.so
00158000-00159000 rw-p 00007000 08:02 476625     /lib/librt-2.12.1.so
00159000-0015f000 r-xp 00000000 08:02 101162     /usr/lib/jvm/java-6-openjdk/jre/lib/i386/native_threads/libhpi.so
0015f000-00160000 r--p 00005000 08:02 101162     /usr/lib/jvm/java-6-openjdk/jre/lib/i386/native_threads/libhpi.so
00160000-00161000 rw-p 00006000 08:02 101162     /usr/lib/jvm/java-6-openjdk/jre/lib/i386/native_threads/libhpi.so
002e5000-002ef000 r-xp 00000000 08:02 476290     /lib/libnss_files-2.12.1.so
002ef000-002f0000 r--p 00009000 08:02 476290     /lib/libnss_files-2.12.1.so
002f0000-002f1000 rw-p 0000a000 08:02 476290     /lib/libnss_files-2.12.1.so
003d4000-003f0000 r-xp 00000000 08:02 459160     /lib/ld-2.12.1.so
003f0000-003f1000 r--p 0001b000 08:02 459160     /lib/ld-2.12.1.so
003f1000-003f2000 rw-p 0001c000 08:02 459160     /lib/ld-2.12.1.so
00484000-00486000 r-xp 00000000 08:02 475348     /lib/libdl-2.12.1.so
00486000-00487000 r--p 00001000 08:02 475348     /lib/libdl-2.12.1.so
00487000-00488000 rw-p 00002000 08:02 475348     /lib/libdl-2.12.1.so
00493000-00496000 r-xp 00000000 08:02 101146     /usr/lib/jvm/java-6-openjdk/jre/lib/i386/jli/libjli.so
00496000-00497000 r--p 00002000 08:02 101146     /usr/lib/jvm/java-6-openjdk/jre/lib/i386/jli/libjli.so
00497000-00498000 rw-p 00003000 08:02 101146     /usr/lib/jvm/java-6-openjdk/jre/lib/i386/jli/libjli.so
00603000-00609000 r-xp 00000000 08:02 475551     /lib/libnss_compat-2.12.1.so
00609000-0060a000 r--p 00006000 08:02 475551     /lib/libnss_compat-2.12.1.so
0060a000-0060b000 rw-p 00007000 08:02 475551     /lib/libnss_compat-2.12.1.so
0064b000-0065e000 r-xp 00000000 08:02 524511     /lib/libz.so.1.2.3.4
0065e000-0065f000 r--p 00012000 08:02 524511     /lib/libz.so.1.2.3.4
0065f000-00660000 rw-p 00013000 08:02 524511     /lib/libz.so.1.2.3.4
00730000-00731000 r-xp 00000000 00:00 0          [vdso]
007a7000-007b2000 r-xp 00000000 08:02 101176     /usr/lib/jvm/java-6-openjdk/jre/lib/i386/libverify.so
007b2000-007b3000 ---p 0000b000 08:02 101176     /usr/lib/jvm/java-6-openjdk/jre/lib/i386/libverify.so
007b3000-007b4000 r--p 0000b000 08:02 101176     /usr/lib/jvm/java-6-openjdk/jre/lib/i386/libverify.so
007b4000-007b5000 rw-p 0000c000 08:02 101176     /usr/lib/jvm/java-6-openjdk/jre/lib/i386/libverify.so
007cc000-007d2000 r-xp 00000000 08:02 101140     /usr/lib/jvm/java-6-openjdk/jre/lib/i386/libzip.so
007d2000-007d3000 r--p 00005000 08:02 101140     /usr/lib/jvm/java-6-openjdk/jre/lib/i386/libzip.so
007d3000-007d4000 rw-p 00006000 08:02 101140     /usr/lib/jvm/java-6-openjdk/jre/lib/i386/libzip.so
0083a000-00843000 r-xp 00000000 08:02 476292     /lib/libnss_nis-2.12.1.so
00843000-00844000 r--p 00008000 08:02 476292     /lib/libnss_nis-2.12.1.so
00844000-00845000 rw-p 00009000 08:02 476292     /lib/libnss_nis-2.12.1.so
0086a000-0088c000 r-xp 00000000 08:02 101130     /usr/lib/jvm/java-6-openjdk/jre/lib/i386/libjava.so
0088c000-0088d000 r--p 00021000 08:02 101130     /usr/lib/jvm/java-6-openjdk/jre/lib/i386/libjava.so
0088d000-0088f000 rw-p 00022000 08:02 101130     /usr/lib/jvm/java-6-openjdk/jre/lib/i386/libjava.so
00d42000-00d55000 r-xp 00000000 08:02 475546     /lib/libnsl-2.12.1.so
00d55000-00d56000 r--p 00012000 08:02 475546     /lib/libnsl-2.12.1.so
00d56000-00d57000 rw-p 00013000 08:02 475546     /lib/libnsl-2.12.1.so
00d57000-00d59000 rw-p 00000000 00:00 0 
00e10000-00f67000 r-xp 00000000 08:02 475343     /lib/libc-2.12.1.so
00f67000-00f69000 r--p 00157000 08:02 475343     /lib/libc-2.12.1.so
00f69000-00f6a000 rw-p 00159000 08:02 475343     /lib/libc-2.12.1.so
00f6a000-00f6d000 rw-p 00000000 00:00 0 
00f6d000-013c0000 r-xp 00000000 08:02 101156     /usr/lib/jvm/java-6-openjdk/jre/lib/i386/client/libjvm.so
013c0000-013d7000 r--p 00453000 08:02 101156     /usr/lib/jvm/java-6-openjdk/jre/lib/i386/client/libjvm.so
013d7000-013e4000 rw-p 0046a000 08:02 101156     /usr/lib/jvm/java-6-openjdk/jre/lib/i386/client/libjvm.so
013e4000-01800000 rw-p 00000000 00:00 0 
08048000-08051000 r-xp 00000000 08:02 624546     /usr/lib/jvm/java-6-openjdk/jre/bin/java
08051000-08052000 r--p 00008000 08:02 624546     /usr/lib/jvm/java-6-openjdk/jre/bin/java
08052000-08053000 rw-p 00009000 08:02 624546     /usr/lib/jvm/java-6-openjdk/jre/bin/java
08ea6000-08f09000 rw-p 00000000 00:00 0          [heap]
9143e000-914a3000 r--s 004cb000 08:01 657443     /media/20gb/android/android-sdk-linux_x86/platforms/android-8/android.jar
914a3000-914aa000 rw-p 00000000 00:00 0 
914aa000-914c4000 rw-p 00000000 00:00 0 
914c4000-914ca000 rw-p 00000000 00:00 0 
914ca000-9156f000 rw-p 00000000 00:00 0 
9156f000-91572000 rw-p 00000000 00:00 0 
91572000-915c4000 rw-p 00000000 00:00 0 
915c4000-915ca000 rw-p 00000000 00:00 0 
915ca000-9166f000 rw-p 00000000 00:00 0 
9166f000-91675000 rw-p 00000000 00:00 0 
91675000-9168f000 rw-p 00000000 00:00 0 
9168f000-91be0000 rw-p 00000000 00:00 0 
91be0000-9c130000 rw-p 00000000 00:00 0 
9c130000-9cbe0000 rw-p 00000000 00:00 0 
9cbe0000-b1690000 rw-p 00000000 00:00 0 
b1690000-b2290000 rw-p 00000000 00:00 0 
b2290000-b5690000 rw-p 00000000 00:00 0 
b5694000-b5695000 rw-p 00000000 00:00 0 
b5695000-b5714000 rw-p 00000000 00:00 0 
b5714000-b5744000 rwxp 00000000 00:00 0 
b5744000-b7714000 rw-p 00000000 00:00 0 
b7714000-b7717000 ---p 00000000 00:00 0 
b7717000-b7768000 rw-p 00000000 00:00 0 
b7779000-b7781000 rw-s 00000000 08:02 747561     /tmp/hsperfdata_shuairan/22170
b7781000-b7782000 rw-p 00000000 00:00 0 
b7782000-b7783000 r--p 00000000 00:00 0 
b7783000-b7785000 rw-p 00000000 00:00 0 
bfd43000-bfd64000 rw-p 00000000 00:00 0          [stack]

VM Arguments:
jvm_args: -Dfile.encoding=UTF-8 -Xbootclasspath:/media/20gb/android/android-sdk-linux_x86/platforms/android-8/android.jar 
java_command: sr.listener.NetworkListener
Launcher Type: SUN_STANDARD

Environment Variables:
PATH=/usr/local/sbin:/usr/local/bin:/usr/sbin:/usr/bin:/sbin:/bin:/usr/games
USERNAME=shuairan
LD_LIBRARY_PATH=/usr/lib/jvm/java-6-openjdk/jre/lib/i386/client:/usr/lib/jvm/java-6-openjdk/jre/lib/i386:/usr/lib/jvm/java-6-openjdk/jre/../lib/i386:/usr/lib/jvm/java-6-openjdk/jre/lib/i386/client:/usr/lib/jvm/java-6-openjdk/jre/lib/i386:
SHELL=/bin/bash
DISPLAY=:0.0

Signal Handlers:
SIGSEGV: [libjvm.so+0x3ea1b0], sa_mask[0]=0x7ffbfeff, sa_flags=0x10000004
SIGBUS: [libjvm.so+0x3ea1b0], sa_mask[0]=0x7ffbfeff, sa_flags=0x10000004
SIGFPE: [libjvm.so+0x30d250], sa_mask[0]=0x7ffbfeff, sa_flags=0x10000004
SIGPIPE: [libjvm.so+0x30d250], sa_mask[0]=0x7ffbfeff, sa_flags=0x10000004
SIGXFSZ: [libjvm.so+0x30d250], sa_mask[0]=0x7ffbfeff, sa_flags=0x10000004
SIGILL: [libjvm.so+0x30d250], sa_mask[0]=0x7ffbfeff, sa_flags=0x10000004
SIGUSR1: SIG_DFL, sa_mask[0]=0x00000000, sa_flags=0x00000000
SIGUSR2: [libjvm.so+0x30c900], sa_mask[0]=0x00000004, sa_flags=0x10000004
SIGHUP: SIG_DFL, sa_mask[0]=0x00000000, sa_flags=0x00000000
SIGINT: SIG_DFL, sa_mask[0]=0x00000000, sa_flags=0x00000000
SIGTERM: SIG_DFL, sa_mask[0]=0x00000000, sa_flags=0x00000000
SIGQUIT: SIG_DFL, sa_mask[0]=0x00000000, sa_flags=0x00000000


---------------  S Y S T E M  ---------------

OS:Ubuntu 10.10 (maverick)
uname:Linux 2.6.35-28-generic #50-Ubuntu SMP Fri Mar 18 19:00:26 UTC 2011 i686
libc:glibc 2.12.1 NPTL 2.12.1 
rlimit: STACK 8192k, CORE 0k, NPROC infinity, NOFILE 1024, AS infinity
load average:0.13 0.16 0.21

/proc/meminfo:
MemTotal:        2059780 kB
MemFree:           73792 kB
Buffers:           78184 kB
Cached:           632232 kB
SwapCached:        10112 kB
Active:          1140940 kB
Inactive:         690596 kB
Active(anon):     739752 kB
Inactive(anon):   397428 kB
Active(file):     401188 kB
Inactive(file):   293168 kB
Unevictable:          64 kB
Mlocked:              64 kB
HighTotal:       1186696 kB
HighFree:           9668 kB
LowTotal:         873084 kB
LowFree:           64124 kB
SwapTotal:       1084380 kB
SwapFree:         959016 kB
Dirty:               400 kB
Writeback:             0 kB
AnonPages:       1112784 kB
Mapped:           123640 kB
Shmem:             16060 kB
Slab:              94792 kB
SReclaimable:      79516 kB
SUnreclaim:        15276 kB
KernelStack:        3624 kB
PageTables:        10296 kB
NFS_Unstable:          0 kB
Bounce:                0 kB
WritebackTmp:          0 kB
CommitLimit:     2114268 kB
Committed_AS:    3026188 kB
VmallocTotal:     122880 kB
VmallocUsed:       64896 kB
VmallocChunk:      50720 kB
HardwareCorrupted:     0 kB
HugePages_Total:       0
HugePages_Free:        0
HugePages_Rsvd:        0
HugePages_Surp:        0
Hugepagesize:       4096 kB
DirectMap4k:       57336 kB
DirectMap4M:      851968 kB


CPU:total 1 (1 cores per cpu, 1 threads per core) family 6 model 13 stepping 8, cmov, cx8, fxsr, mmx, sse, sse2

Memory: 4k page, physical 2059780k(73792k free), swap 1084380k(959016k free)

vm_info: OpenJDK Client VM (19.0-b09) for linux-x86 JRE (1.6.0_20-b20), built on Feb 23 2011 09:10:41 by "buildd" with gcc 4.4.5

time: Mon Jun 13 12:38:04 2011
elapsed time: 0 seconds

