#
# A fatal error has been detected by the Java Runtime Environment:
#
#  Internal Error (classFileParser.cpp:3375), pid=22150, tid=3077516144
#  Error: ShouldNotReachHere()
#
# JRE version: 6.0_20-b20
# Java VM: OpenJDK Client VM (19.0-b09 mixed mode linux-x86 )
# Derivative: IcedTea6 1.9.7
# Distribution: Ubuntu 10.10, package 6b20-1.9.7-0ubuntu1
# If you would like to submit a bug report, please include
# instructions how to reproduce the bug and visit:
#   https://bugs.launchpad.net/ubuntu/+source/openjdk-6/
#

---------------  T H R E A D  ---------------

Current thread (0x08230000):  JavaThread "Unknown thread" [_thread_in_vm, id=22155, stack(0xb76a2000,0xb76f3000)]

Stack: [0xb76a2000,0xb76f3000],  sp=0xb76f1800,  free space=318k
Native frames: (J=compiled Java code, j=interpreted, Vv=VM code, C=native code)
V  [libjvm.so+0x3e95a7]
V  [libjvm.so+0x3e97f1]
V  [libjvm.so+0x17865e]
V  [libjvm.so+0x1786d9]
V  [libjvm.so+0x1201e6]
V  [libjvm.so+0x12347b]
V  [libjvm.so+0x38fdf9]
V  [libjvm.so+0x3907d2]
V  [libjvm.so+0x390bb4]
V  [libjvm.so+0x391b90]
V  [libjvm.so+0x391c4a]
V  [libjvm.so+0x391cdd]
V  [libjvm.so+0x391d36]
V  [libjvm.so+0x391e13]
V  [libjvm.so+0x392109]
V  [libjvm.so+0x3c93ef]
V  [libjvm.so+0x3c9dfc]
V  [libjvm.so+0x1d9b98]
V  [libjvm.so+0x3bd3dc]
V  [libjvm.so+0x2133ec]
C  [java+0x2238]  JavaMain+0x88
C  [libpthread.so.0+0x5cc9]


---------------  P R O C E S S  ---------------

Java Threads: ( => current thread )

Other Threads:

=>0x08230000 (exited) JavaThread "Unknown thread" [_thread_in_vm, id=22155, stack(0xb76a2000,0xb76f3000)]

VM state:not at safepoint (not fully initialized)

VM Mutex/Monitor currently owned by a thread: None

Dynamic libraries:
00110000-00134000 r-xp 00000000 08:02 475350     /lib/libm-2.12.1.so
00134000-00135000 r--p 00023000 08:02 475350     /lib/libm-2.12.1.so
00135000-00136000 rw-p 00024000 08:02 475350     /lib/libm-2.12.1.so
00136000-0013d000 r-xp 00000000 08:02 476625     /lib/librt-2.12.1.so
0013d000-0013e000 r--p 00006000 08:02 476625     /lib/librt-2.12.1.so
0013e000-0013f000 rw-p 00007000 08:02 476625     /lib/librt-2.12.1.so
0013f000-00145000 r-xp 00000000 08:02 101162     /usr/lib/jvm/java-6-openjdk/jre/lib/i386/native_threads/libhpi.so
00145000-00146000 r--p 00005000 08:02 101162     /usr/lib/jvm/java-6-openjdk/jre/lib/i386/native_threads/libhpi.so
00146000-00147000 rw-p 00006000 08:02 101162     /usr/lib/jvm/java-6-openjdk/jre/lib/i386/native_threads/libhpi.so
00148000-0015b000 r-xp 00000000 08:02 475546     /lib/libnsl-2.12.1.so
0015b000-0015c000 r--p 00012000 08:02 475546     /lib/libnsl-2.12.1.so
0015c000-0015d000 rw-p 00013000 08:02 475546     /lib/libnsl-2.12.1.so
0015d000-0015f000 rw-p 00000000 00:00 0 
0018f000-001ab000 r-xp 00000000 08:02 459160     /lib/ld-2.12.1.so
001ab000-001ac000 r--p 0001b000 08:02 459160     /lib/ld-2.12.1.so
001ac000-001ad000 rw-p 0001c000 08:02 459160     /lib/ld-2.12.1.so
001ad000-00304000 r-xp 00000000 08:02 475343     /lib/libc-2.12.1.so
00304000-00306000 r--p 00157000 08:02 475343     /lib/libc-2.12.1.so
00306000-00307000 rw-p 00159000 08:02 475343     /lib/libc-2.12.1.so
00307000-0030a000 rw-p 00000000 00:00 0 
0030f000-00322000 r-xp 00000000 08:02 524511     /lib/libz.so.1.2.3.4
00322000-00323000 r--p 00012000 08:02 524511     /lib/libz.so.1.2.3.4
00323000-00324000 rw-p 00013000 08:02 524511     /lib/libz.so.1.2.3.4
003cd000-003d6000 r-xp 00000000 08:02 476292     /lib/libnss_nis-2.12.1.so
003d6000-003d7000 r--p 00008000 08:02 476292     /lib/libnss_nis-2.12.1.so
003d7000-003d8000 rw-p 00009000 08:02 476292     /lib/libnss_nis-2.12.1.so
003ee000-003ef000 r-xp 00000000 00:00 0          [vdso]
003ef000-003f5000 r-xp 00000000 08:02 475551     /lib/libnss_compat-2.12.1.so
003f5000-003f6000 r--p 00006000 08:02 475551     /lib/libnss_compat-2.12.1.so
003f6000-003f7000 rw-p 00007000 08:02 475551     /lib/libnss_compat-2.12.1.so
00454000-00456000 r-xp 00000000 08:02 475348     /lib/libdl-2.12.1.so
00456000-00457000 r--p 00001000 08:02 475348     /lib/libdl-2.12.1.so
00457000-00458000 rw-p 00002000 08:02 475348     /lib/libdl-2.12.1.so
00499000-004a3000 r-xp 00000000 08:02 476290     /lib/libnss_files-2.12.1.so
004a3000-004a4000 r--p 00009000 08:02 476290     /lib/libnss_files-2.12.1.so
004a4000-004a5000 rw-p 0000a000 08:02 476290     /lib/libnss_files-2.12.1.so
007c8000-007ea000 r-xp 00000000 08:02 101130     /usr/lib/jvm/java-6-openjdk/jre/lib/i386/libjava.so
007ea000-007eb000 r--p 00021000 08:02 101130     /usr/lib/jvm/java-6-openjdk/jre/lib/i386/libjava.so
007eb000-007ed000 rw-p 00022000 08:02 101130     /usr/lib/jvm/java-6-openjdk/jre/lib/i386/libjava.so
00a29000-00a34000 r-xp 00000000 08:02 101176     /usr/lib/jvm/java-6-openjdk/jre/lib/i386/libverify.so
00a34000-00a35000 ---p 0000b000 08:02 101176     /usr/lib/jvm/java-6-openjdk/jre/lib/i386/libverify.so
00a35000-00a36000 r--p 0000b000 08:02 101176     /usr/lib/jvm/java-6-openjdk/jre/lib/i386/libverify.so
00a36000-00a37000 rw-p 0000c000 08:02 101176     /usr/lib/jvm/java-6-openjdk/jre/lib/i386/libverify.so
00af2000-00b07000 r-xp 00000000 08:02 476623     /lib/libpthread-2.12.1.so
00b07000-00b08000 ---p 00015000 08:02 476623     /lib/libpthread-2.12.1.so
00b08000-00b09000 r--p 00015000 08:02 476623     /lib/libpthread-2.12.1.so
00b09000-00b0a000 rw-p 00016000 08:02 476623     /lib/libpthread-2.12.1.so
00b0a000-00b0c000 rw-p 00000000 00:00 0 
00b3a000-00b40000 r-xp 00000000 08:02 101140     /usr/lib/jvm/java-6-openjdk/jre/lib/i386/libzip.so
00b40000-00b41000 r--p 00005000 08:02 101140     /usr/lib/jvm/java-6-openjdk/jre/lib/i386/libzip.so
00b41000-00b42000 rw-p 00006000 08:02 101140     /usr/lib/jvm/java-6-openjdk/jre/lib/i386/libzip.so
00be9000-00bec000 r-xp 00000000 08:02 101146     /usr/lib/jvm/java-6-openjdk/jre/lib/i386/jli/libjli.so
00bec000-00bed000 r--p 00002000 08:02 101146     /usr/lib/jvm/java-6-openjdk/jre/lib/i386/jli/libjli.so
00bed000-00bee000 rw-p 00003000 08:02 101146     /usr/lib/jvm/java-6-openjdk/jre/lib/i386/jli/libjli.so
00bee000-01041000 r-xp 00000000 08:02 101156     /usr/lib/jvm/java-6-openjdk/jre/lib/i386/client/libjvm.so
01041000-01058000 r--p 00453000 08:02 101156     /usr/lib/jvm/java-6-openjdk/jre/lib/i386/client/libjvm.so
01058000-01065000 rw-p 0046a000 08:02 101156     /usr/lib/jvm/java-6-openjdk/jre/lib/i386/client/libjvm.so
01065000-01481000 rw-p 00000000 00:00 0 
08048000-08051000 r-xp 00000000 08:02 624546     /usr/lib/jvm/java-6-openjdk/jre/bin/java
08051000-08052000 r--p 00008000 08:02 624546     /usr/lib/jvm/java-6-openjdk/jre/bin/java
08052000-08053000 rw-p 00009000 08:02 624546     /usr/lib/jvm/java-6-openjdk/jre/bin/java
0822a000-0828d000 rw-p 00000000 00:00 0          [heap]
913ce000-91433000 r--s 004cb000 08:01 657443     /media/20gb/android/android-sdk-linux_x86/platforms/android-8/android.jar
91433000-9143a000 rw-p 00000000 00:00 0 
9143a000-91454000 rw-p 00000000 00:00 0 
91454000-9145a000 rw-p 00000000 00:00 0 
9145a000-914ff000 rw-p 00000000 00:00 0 
914ff000-91502000 rw-p 00000000 00:00 0 
91502000-91554000 rw-p 00000000 00:00 0 
91554000-9155a000 rw-p 00000000 00:00 0 
9155a000-915ff000 rw-p 00000000 00:00 0 
915ff000-91605000 rw-p 00000000 00:00 0 
91605000-9161f000 rw-p 00000000 00:00 0 
9161f000-91b70000 rw-p 00000000 00:00 0 
91b70000-9c0c0000 rw-p 00000000 00:00 0 
9c0c0000-9cb70000 rw-p 00000000 00:00 0 
9cb70000-b1620000 rw-p 00000000 00:00 0 
b1620000-b2220000 rw-p 00000000 00:00 0 
b2220000-b5620000 rw-p 00000000 00:00 0 
b5622000-b5623000 rw-p 00000000 00:00 0 
b5623000-b56a2000 rw-p 00000000 00:00 0 
b56a2000-b56d2000 rwxp 00000000 00:00 0 
b56d2000-b76a2000 rw-p 00000000 00:00 0 
b76a2000-b76a5000 ---p 00000000 00:00 0 
b76a5000-b76f6000 rw-p 00000000 00:00 0 
b7707000-b770f000 rw-s 00000000 08:02 747561     /tmp/hsperfdata_shuairan/22150
b770f000-b7710000 rw-p 00000000 00:00 0 
b7710000-b7711000 r--p 00000000 00:00 0 
b7711000-b7713000 rw-p 00000000 00:00 0 
bfc15000-bfc36000 rw-p 00000000 00:00 0          [stack]

VM Arguments:
jvm_args: -Dfile.encoding=UTF-8 -Xbootclasspath:/media/20gb/android/android-sdk-linux_x86/platforms/android-8/android.jar 
java_command: sr.listener.NetworkListener
Launcher Type: SUN_STANDARD

Environment Variables:
PATH=/usr/local/sbin:/usr/local/bin:/usr/sbin:/usr/bin:/sbin:/bin:/usr/games
USERNAME=shuairan
LD_LIBRARY_PATH=/usr/lib/jvm/java-6-openjdk/jre/lib/i386/client:/usr/lib/jvm/java-6-openjdk/jre/lib/i386:/usr/lib/jvm/java-6-openjdk/jre/../lib/i386:/usr/lib/jvm/java-6-openjdk/jre/lib/i386/client:/usr/lib/jvm/java-6-openjdk/jre/lib/i386:
SHELL=/bin/bash
DISPLAY=:0.0

Signal Handlers:
SIGSEGV: [libjvm.so+0x3ea1b0], sa_mask[0]=0x7ffbfeff, sa_flags=0x10000004
SIGBUS: [libjvm.so+0x3ea1b0], sa_mask[0]=0x7ffbfeff, sa_flags=0x10000004
SIGFPE: [libjvm.so+0x30d250], sa_mask[0]=0x7ffbfeff, sa_flags=0x10000004
SIGPIPE: [libjvm.so+0x30d250], sa_mask[0]=0x7ffbfeff, sa_flags=0x10000004
SIGXFSZ: [libjvm.so+0x30d250], sa_mask[0]=0x7ffbfeff, sa_flags=0x10000004
SIGILL: [libjvm.so+0x30d250], sa_mask[0]=0x7ffbfeff, sa_flags=0x10000004
SIGUSR1: SIG_DFL, sa_mask[0]=0x00000000, sa_flags=0x00000000
SIGUSR2: [libjvm.so+0x30c900], sa_mask[0]=0x00000004, sa_flags=0x10000004
SIGHUP: SIG_DFL, sa_mask[0]=0x00000000, sa_flags=0x00000000
SIGINT: SIG_DFL, sa_mask[0]=0x00000000, sa_flags=0x00000000
SIGTERM: SIG_DFL, sa_mask[0]=0x00000000, sa_flags=0x00000000
SIGQUIT: SIG_DFL, sa_mask[0]=0x00000000, sa_flags=0x00000000


---------------  S Y S T E M  ---------------

OS:Ubuntu 10.10 (maverick)
uname:Linux 2.6.35-28-generic #50-Ubuntu SMP Fri Mar 18 19:00:26 UTC 2011 i686
libc:glibc 2.12.1 NPTL 2.12.1 
rlimit: STACK 8192k, CORE 0k, NPROC infinity, NOFILE 1024, AS infinity
load average:0.16 0.17 0.21

/proc/meminfo:
MemTotal:        2059780 kB
MemFree:           55200 kB
Buffers:           85700 kB
Cached:           642016 kB
SwapCached:        10232 kB
Active:          1161748 kB
Inactive:         686748 kB
Active(anon):     744788 kB
Inactive(anon):   392140 kB
Active(file):     416960 kB
Inactive(file):   294608 kB
Unevictable:          64 kB
Mlocked:              64 kB
HighTotal:       1186696 kB
HighFree:           3220 kB
LowTotal:         873084 kB
LowFree:           51980 kB
SwapTotal:       1084380 kB
SwapFree:         959212 kB
Dirty:               588 kB
Writeback:             0 kB
AnonPages:       1112344 kB
Mapped:           123508 kB
Shmem:             16060 kB
Slab:              96096 kB
SReclaimable:      80860 kB
SUnreclaim:        15236 kB
KernelStack:        3680 kB
PageTables:        10248 kB
NFS_Unstable:          0 kB
Bounce:                0 kB
WritebackTmp:          0 kB
CommitLimit:     2114268 kB
Committed_AS:    3025664 kB
VmallocTotal:     122880 kB
VmallocUsed:       64896 kB
VmallocChunk:      50720 kB
HardwareCorrupted:     0 kB
HugePages_Total:       0
HugePages_Free:        0
HugePages_Rsvd:        0
HugePages_Surp:        0
Hugepagesize:       4096 kB
DirectMap4k:       57336 kB
DirectMap4M:      851968 kB


CPU:total 1 (1 cores per cpu, 1 threads per core) family 6 model 13 stepping 8, cmov, cx8, fxsr, mmx, sse, sse2

Memory: 4k page, physical 2059780k(55200k free), swap 1084380k(959212k free)

vm_info: OpenJDK Client VM (19.0-b09) for linux-x86 JRE (1.6.0_20-b20), built on Feb 23 2011 09:10:41 by "buildd" with gcc 4.4.5

time: Mon Jun 13 12:37:19 2011
elapsed time: 0 seconds

