#
# A fatal error has been detected by the Java Runtime Environment:
#
#  Internal Error (classFileParser.cpp:3375), pid=22316, tid=3078269808
#  Error: ShouldNotReachHere()
#
# JRE version: 6.0_20-b20
# Java VM: OpenJDK Client VM (19.0-b09 mixed mode linux-x86 )
# Derivative: IcedTea6 1.9.7
# Distribution: Ubuntu 10.10, package 6b20-1.9.7-0ubuntu1
# If you would like to submit a bug report, please include
# instructions how to reproduce the bug and visit:
#   https://bugs.launchpad.net/ubuntu/+source/openjdk-6/
#

---------------  T H R E A D  ---------------

Current thread (0x080b8000):  JavaThread "Unknown thread" [_thread_in_vm, id=22317, stack(0xb775a000,0xb77ab000)]

Stack: [0xb775a000,0xb77ab000],  sp=0xb77a9800,  free space=318k
Native frames: (J=compiled Java code, j=interpreted, Vv=VM code, C=native code)
V  [libjvm.so+0x3e95a7]
V  [libjvm.so+0x3e97f1]
V  [libjvm.so+0x17865e]
V  [libjvm.so+0x1786d9]
V  [libjvm.so+0x1201e6]
V  [libjvm.so+0x12347b]
V  [libjvm.so+0x38fdf9]
V  [libjvm.so+0x3907d2]
V  [libjvm.so+0x390bb4]
V  [libjvm.so+0x391b90]
V  [libjvm.so+0x391c4a]
V  [libjvm.so+0x391cdd]
V  [libjvm.so+0x391d36]
V  [libjvm.so+0x391e13]
V  [libjvm.so+0x392109]
V  [libjvm.so+0x3c93ef]
V  [libjvm.so+0x3c9dfc]
V  [libjvm.so+0x1d9b98]
V  [libjvm.so+0x3bd3dc]
V  [libjvm.so+0x2133ec]
C  [java+0x2238]  JavaMain+0x88
C  [libpthread.so.0+0x5cc9]


---------------  P R O C E S S  ---------------

Java Threads: ( => current thread )

Other Threads:

=>0x080b8000 (exited) JavaThread "Unknown thread" [_thread_in_vm, id=22317, stack(0xb775a000,0xb77ab000)]

VM state:not at safepoint (not fully initialized)

VM Mutex/Monitor currently owned by a thread: None

Dynamic libraries:
00110000-00116000 r-xp 00000000 08:02 475551     /lib/libnss_compat-2.12.1.so
00116000-00117000 r--p 00006000 08:02 475551     /lib/libnss_compat-2.12.1.so
00117000-00118000 rw-p 00007000 08:02 475551     /lib/libnss_compat-2.12.1.so
0026a000-0027d000 r-xp 00000000 08:02 475546     /lib/libnsl-2.12.1.so
0027d000-0027e000 r--p 00012000 08:02 475546     /lib/libnsl-2.12.1.so
0027e000-0027f000 rw-p 00013000 08:02 475546     /lib/libnsl-2.12.1.so
0027f000-00281000 rw-p 00000000 00:00 0 
002f8000-00303000 r-xp 00000000 08:02 101176     /usr/lib/jvm/java-6-openjdk/jre/lib/i386/libverify.so
00303000-00304000 ---p 0000b000 08:02 101176     /usr/lib/jvm/java-6-openjdk/jre/lib/i386/libverify.so
00304000-00305000 r--p 0000b000 08:02 101176     /usr/lib/jvm/java-6-openjdk/jre/lib/i386/libverify.so
00305000-00306000 rw-p 0000c000 08:02 101176     /usr/lib/jvm/java-6-openjdk/jre/lib/i386/libverify.so
00313000-00319000 r-xp 00000000 08:02 101140     /usr/lib/jvm/java-6-openjdk/jre/lib/i386/libzip.so
00319000-0031a000 r--p 00005000 08:02 101140     /usr/lib/jvm/java-6-openjdk/jre/lib/i386/libzip.so
0031a000-0031b000 rw-p 00006000 08:02 101140     /usr/lib/jvm/java-6-openjdk/jre/lib/i386/libzip.so
003b4000-003b5000 r-xp 00000000 00:00 0          [vdso]
004ab000-004cd000 r-xp 00000000 08:02 101130     /usr/lib/jvm/java-6-openjdk/jre/lib/i386/libjava.so
004cd000-004ce000 r--p 00021000 08:02 101130     /usr/lib/jvm/java-6-openjdk/jre/lib/i386/libjava.so
004ce000-004d0000 rw-p 00022000 08:02 101130     /usr/lib/jvm/java-6-openjdk/jre/lib/i386/libjava.so
00530000-00543000 r-xp 00000000 08:02 524511     /lib/libz.so.1.2.3.4
00543000-00544000 r--p 00012000 08:02 524511     /lib/libz.so.1.2.3.4
00544000-00545000 rw-p 00013000 08:02 524511     /lib/libz.so.1.2.3.4
007b7000-007d3000 r-xp 00000000 08:02 459160     /lib/ld-2.12.1.so
007d3000-007d4000 r--p 0001b000 08:02 459160     /lib/ld-2.12.1.so
007d4000-007d5000 rw-p 0001c000 08:02 459160     /lib/ld-2.12.1.so
007e3000-007ed000 r-xp 00000000 08:02 476290     /lib/libnss_files-2.12.1.so
007ed000-007ee000 r--p 00009000 08:02 476290     /lib/libnss_files-2.12.1.so
007ee000-007ef000 rw-p 0000a000 08:02 476290     /lib/libnss_files-2.12.1.so
00843000-00849000 r-xp 00000000 08:02 101162     /usr/lib/jvm/java-6-openjdk/jre/lib/i386/native_threads/libhpi.so
00849000-0084a000 r--p 00005000 08:02 101162     /usr/lib/jvm/java-6-openjdk/jre/lib/i386/native_threads/libhpi.so
0084a000-0084b000 rw-p 00006000 08:02 101162     /usr/lib/jvm/java-6-openjdk/jre/lib/i386/native_threads/libhpi.so
00a0a000-00a13000 r-xp 00000000 08:02 476292     /lib/libnss_nis-2.12.1.so
00a13000-00a14000 r--p 00008000 08:02 476292     /lib/libnss_nis-2.12.1.so
00a14000-00a15000 rw-p 00009000 08:02 476292     /lib/libnss_nis-2.12.1.so
00a3b000-00a3e000 r-xp 00000000 08:02 101146     /usr/lib/jvm/java-6-openjdk/jre/lib/i386/jli/libjli.so
00a3e000-00a3f000 r--p 00002000 08:02 101146     /usr/lib/jvm/java-6-openjdk/jre/lib/i386/jli/libjli.so
00a3f000-00a40000 rw-p 00003000 08:02 101146     /usr/lib/jvm/java-6-openjdk/jre/lib/i386/jli/libjli.so
00b2f000-00b53000 r-xp 00000000 08:02 475350     /lib/libm-2.12.1.so
00b53000-00b54000 r--p 00023000 08:02 475350     /lib/libm-2.12.1.so
00b54000-00b55000 rw-p 00024000 08:02 475350     /lib/libm-2.12.1.so
00b8f000-00b96000 r-xp 00000000 08:02 476625     /lib/librt-2.12.1.so
00b96000-00b97000 r--p 00006000 08:02 476625     /lib/librt-2.12.1.so
00b97000-00b98000 rw-p 00007000 08:02 476625     /lib/librt-2.12.1.so
00ca0000-00cb5000 r-xp 00000000 08:02 476623     /lib/libpthread-2.12.1.so
00cb5000-00cb6000 ---p 00015000 08:02 476623     /lib/libpthread-2.12.1.so
00cb6000-00cb7000 r--p 00015000 08:02 476623     /lib/libpthread-2.12.1.so
00cb7000-00cb8000 rw-p 00016000 08:02 476623     /lib/libpthread-2.12.1.so
00cb8000-00cba000 rw-p 00000000 00:00 0 
00d5a000-00d5c000 r-xp 00000000 08:02 475348     /lib/libdl-2.12.1.so
00d5c000-00d5d000 r--p 00001000 08:02 475348     /lib/libdl-2.12.1.so
00d5d000-00d5e000 rw-p 00002000 08:02 475348     /lib/libdl-2.12.1.so
00ddc000-00f33000 r-xp 00000000 08:02 475343     /lib/libc-2.12.1.so
00f33000-00f35000 r--p 00157000 08:02 475343     /lib/libc-2.12.1.so
00f35000-00f36000 rw-p 00159000 08:02 475343     /lib/libc-2.12.1.so
00f36000-00f39000 rw-p 00000000 00:00 0 
00f39000-0138c000 r-xp 00000000 08:02 101156     /usr/lib/jvm/java-6-openjdk/jre/lib/i386/client/libjvm.so
0138c000-013a3000 r--p 00453000 08:02 101156     /usr/lib/jvm/java-6-openjdk/jre/lib/i386/client/libjvm.so
013a3000-013b0000 rw-p 0046a000 08:02 101156     /usr/lib/jvm/java-6-openjdk/jre/lib/i386/client/libjvm.so
013b0000-017cc000 rw-p 00000000 00:00 0 
08048000-08051000 r-xp 00000000 08:02 624546     /usr/lib/jvm/java-6-openjdk/jre/bin/java
08051000-08052000 r--p 00008000 08:02 624546     /usr/lib/jvm/java-6-openjdk/jre/bin/java
08052000-08053000 rw-p 00009000 08:02 624546     /usr/lib/jvm/java-6-openjdk/jre/bin/java
080b2000-08115000 rw-p 00000000 00:00 0          [heap]
9147e000-914e3000 r--s 004cb000 08:01 657443     /media/20gb/android/android-sdk-linux_x86/platforms/android-8/android.jar
914e3000-914ea000 rw-p 00000000 00:00 0 
914ea000-91504000 rw-p 00000000 00:00 0 
91504000-9150a000 rw-p 00000000 00:00 0 
9150a000-915af000 rw-p 00000000 00:00 0 
915af000-915b2000 rw-p 00000000 00:00 0 
915b2000-91604000 rw-p 00000000 00:00 0 
91604000-9160a000 rw-p 00000000 00:00 0 
9160a000-916af000 rw-p 00000000 00:00 0 
916af000-916b5000 rw-p 00000000 00:00 0 
916b5000-916cf000 rw-p 00000000 00:00 0 
916cf000-91c20000 rw-p 00000000 00:00 0 
91c20000-9c170000 rw-p 00000000 00:00 0 
9c170000-9cc20000 rw-p 00000000 00:00 0 
9cc20000-b16d0000 rw-p 00000000 00:00 0 
b16d0000-b22d0000 rw-p 00000000 00:00 0 
b22d0000-b56d0000 rw-p 00000000 00:00 0 
b56da000-b56db000 rw-p 00000000 00:00 0 
b56db000-b575a000 rw-p 00000000 00:00 0 
b575a000-b578a000 rwxp 00000000 00:00 0 
b578a000-b775a000 rw-p 00000000 00:00 0 
b775a000-b775d000 ---p 00000000 00:00 0 
b775d000-b77ae000 rw-p 00000000 00:00 0 
b77bf000-b77c7000 rw-s 00000000 08:02 746373     /tmp/hsperfdata_shuairan/22316
b77c7000-b77c8000 rw-p 00000000 00:00 0 
b77c8000-b77c9000 r--p 00000000 00:00 0 
b77c9000-b77cb000 rw-p 00000000 00:00 0 
bfc1a000-bfc3b000 rw-p 00000000 00:00 0          [stack]

VM Arguments:
jvm_args: -Dfile.encoding=UTF-8 -Xbootclasspath:/media/20gb/android/android-sdk-linux_x86/platforms/android-8/android.jar 
java_command: sr.listener.NetworkListener
Launcher Type: SUN_STANDARD

Environment Variables:
PATH=/usr/local/sbin:/usr/local/bin:/usr/sbin:/usr/bin:/sbin:/bin:/usr/games
USERNAME=shuairan
LD_LIBRARY_PATH=/usr/lib/jvm/java-6-openjdk/jre/lib/i386/client:/usr/lib/jvm/java-6-openjdk/jre/lib/i386:/usr/lib/jvm/java-6-openjdk/jre/../lib/i386:/usr/lib/jvm/java-6-openjdk/jre/lib/i386/client:/usr/lib/jvm/java-6-openjdk/jre/lib/i386:
SHELL=/bin/bash
DISPLAY=:0.0

Signal Handlers:
SIGSEGV: [libjvm.so+0x3ea1b0], sa_mask[0]=0x7ffbfeff, sa_flags=0x10000004
SIGBUS: [libjvm.so+0x3ea1b0], sa_mask[0]=0x7ffbfeff, sa_flags=0x10000004
SIGFPE: [libjvm.so+0x30d250], sa_mask[0]=0x7ffbfeff, sa_flags=0x10000004
SIGPIPE: [libjvm.so+0x30d250], sa_mask[0]=0x7ffbfeff, sa_flags=0x10000004
SIGXFSZ: [libjvm.so+0x30d250], sa_mask[0]=0x7ffbfeff, sa_flags=0x10000004
SIGILL: [libjvm.so+0x30d250], sa_mask[0]=0x7ffbfeff, sa_flags=0x10000004
SIGUSR1: SIG_DFL, sa_mask[0]=0x00000000, sa_flags=0x00000000
SIGUSR2: [libjvm.so+0x30c900], sa_mask[0]=0x00000004, sa_flags=0x10000004
SIGHUP: SIG_DFL, sa_mask[0]=0x00000000, sa_flags=0x00000000
SIGINT: SIG_DFL, sa_mask[0]=0x00000000, sa_flags=0x00000000
SIGTERM: SIG_DFL, sa_mask[0]=0x00000000, sa_flags=0x00000000
SIGQUIT: SIG_DFL, sa_mask[0]=0x00000000, sa_flags=0x00000000


---------------  S Y S T E M  ---------------

OS:Ubuntu 10.10 (maverick)
uname:Linux 2.6.35-28-generic #50-Ubuntu SMP Fri Mar 18 19:00:26 UTC 2011 i686
libc:glibc 2.12.1 NPTL 2.12.1 
rlimit: STACK 8192k, CORE 0k, NPROC infinity, NOFILE 1024, AS infinity
load average:0.91 0.34 0.26

/proc/meminfo:
MemTotal:        2059780 kB
MemFree:          435296 kB
Buffers:           81496 kB
Cached:           601152 kB
SwapCached:         7592 kB
Active:           997848 kB
Inactive:         475064 kB
Active(anon):     636264 kB
Inactive(anon):   167976 kB
Active(file):     361584 kB
Inactive(file):   307088 kB
Unevictable:          64 kB
Mlocked:              64 kB
HighTotal:       1186696 kB
HighFree:         102544 kB
LowTotal:         873084 kB
LowFree:          332752 kB
SwapTotal:       1084380 kB
SwapFree:        1051056 kB
Dirty:              1476 kB
Writeback:             0 kB
AnonPages:        784340 kB
Mapped:           112552 kB
Shmem:             13912 kB
Slab:              94324 kB
SReclaimable:      79404 kB
SUnreclaim:        14920 kB
KernelStack:        3304 kB
PageTables:         9372 kB
NFS_Unstable:          0 kB
Bounce:                0 kB
WritebackTmp:          0 kB
CommitLimit:     2114268 kB
Committed_AS:    2361308 kB
VmallocTotal:     122880 kB
VmallocUsed:       64896 kB
VmallocChunk:      50720 kB
HardwareCorrupted:     0 kB
HugePages_Total:       0
HugePages_Free:        0
HugePages_Rsvd:        0
HugePages_Surp:        0
Hugepagesize:       4096 kB
DirectMap4k:       57336 kB
DirectMap4M:      851968 kB


CPU:total 1 (1 cores per cpu, 1 threads per core) family 6 model 13 stepping 8, cmov, cx8, fxsr, mmx, sse, sse2

Memory: 4k page, physical 2059780k(435296k free), swap 1084380k(1051056k free)

vm_info: OpenJDK Client VM (19.0-b09) for linux-x86 JRE (1.6.0_20-b20), built on Feb 23 2011 09:10:41 by "buildd" with gcc 4.4.5

time: Mon Jun 13 12:41:01 2011
elapsed time: 0 seconds

