#
# A fatal error has been detected by the Java Runtime Environment:
#
#  Internal Error (classFileParser.cpp:3375), pid=22160, tid=3078671216
#  Error: ShouldNotReachHere()
#
# JRE version: 6.0_20-b20
# Java VM: OpenJDK Client VM (19.0-b09 mixed mode linux-x86 )
# Derivative: IcedTea6 1.9.7
# Distribution: Ubuntu 10.10, package 6b20-1.9.7-0ubuntu1
# If you would like to submit a bug report, please include
# instructions how to reproduce the bug and visit:
#   https://bugs.launchpad.net/ubuntu/+source/openjdk-6/
#

---------------  T H R E A D  ---------------

Current thread (0x094b0000):  JavaThread "Unknown thread" [_thread_in_vm, id=22165, stack(0xb77bc000,0xb780d000)]

Stack: [0xb77bc000,0xb780d000],  sp=0xb780b800,  free space=318k
Native frames: (J=compiled Java code, j=interpreted, Vv=VM code, C=native code)
V  [libjvm.so+0x3e95a7]
V  [libjvm.so+0x3e97f1]
V  [libjvm.so+0x17865e]
V  [libjvm.so+0x1786d9]
V  [libjvm.so+0x1201e6]
V  [libjvm.so+0x12347b]
V  [libjvm.so+0x38fdf9]
V  [libjvm.so+0x3907d2]
V  [libjvm.so+0x390bb4]
V  [libjvm.so+0x391b90]
V  [libjvm.so+0x391c4a]
V  [libjvm.so+0x391cdd]
V  [libjvm.so+0x391d36]
V  [libjvm.so+0x391e13]
V  [libjvm.so+0x392109]
V  [libjvm.so+0x3c93ef]
V  [libjvm.so+0x3c9dfc]
V  [libjvm.so+0x1d9b98]
V  [libjvm.so+0x3bd3dc]
V  [libjvm.so+0x2133ec]
C  [java+0x2238]  JavaMain+0x88
C  [libpthread.so.0+0x5cc9]


---------------  P R O C E S S  ---------------

Java Threads: ( => current thread )

Other Threads:

=>0x094b0000 (exited) JavaThread "Unknown thread" [_thread_in_vm, id=22165, stack(0xb77bc000,0xb780d000)]

VM state:not at safepoint (not fully initialized)

VM Mutex/Monitor currently owned by a thread: None

Dynamic libraries:
00110000-00116000 r-xp 00000000 08:02 101162     /usr/lib/jvm/java-6-openjdk/jre/lib/i386/native_threads/libhpi.so
00116000-00117000 r--p 00005000 08:02 101162     /usr/lib/jvm/java-6-openjdk/jre/lib/i386/native_threads/libhpi.so
00117000-00118000 rw-p 00006000 08:02 101162     /usr/lib/jvm/java-6-openjdk/jre/lib/i386/native_threads/libhpi.so
00118000-0011e000 r-xp 00000000 08:02 475551     /lib/libnss_compat-2.12.1.so
0011e000-0011f000 r--p 00006000 08:02 475551     /lib/libnss_compat-2.12.1.so
0011f000-00120000 rw-p 00007000 08:02 475551     /lib/libnss_compat-2.12.1.so
00120000-0012a000 r-xp 00000000 08:02 476290     /lib/libnss_files-2.12.1.so
0012a000-0012b000 r--p 00009000 08:02 476290     /lib/libnss_files-2.12.1.so
0012b000-0012c000 rw-p 0000a000 08:02 476290     /lib/libnss_files-2.12.1.so
0018d000-001af000 r-xp 00000000 08:02 101130     /usr/lib/jvm/java-6-openjdk/jre/lib/i386/libjava.so
001af000-001b0000 r--p 00021000 08:02 101130     /usr/lib/jvm/java-6-openjdk/jre/lib/i386/libjava.so
001b0000-001b2000 rw-p 00022000 08:02 101130     /usr/lib/jvm/java-6-openjdk/jre/lib/i386/libjava.so
00209000-0020f000 r-xp 00000000 08:02 101140     /usr/lib/jvm/java-6-openjdk/jre/lib/i386/libzip.so
0020f000-00210000 r--p 00005000 08:02 101140     /usr/lib/jvm/java-6-openjdk/jre/lib/i386/libzip.so
00210000-00211000 rw-p 00006000 08:02 101140     /usr/lib/jvm/java-6-openjdk/jre/lib/i386/libzip.so
002c2000-002c3000 r-xp 00000000 00:00 0          [vdso]
00498000-004b4000 r-xp 00000000 08:02 459160     /lib/ld-2.12.1.so
004b4000-004b5000 r--p 0001b000 08:02 459160     /lib/ld-2.12.1.so
004b5000-004b6000 rw-p 0001c000 08:02 459160     /lib/ld-2.12.1.so
004bd000-004c4000 r-xp 00000000 08:02 476625     /lib/librt-2.12.1.so
004c4000-004c5000 r--p 00006000 08:02 476625     /lib/librt-2.12.1.so
004c5000-004c6000 rw-p 00007000 08:02 476625     /lib/librt-2.12.1.so
00544000-0054d000 r-xp 00000000 08:02 476292     /lib/libnss_nis-2.12.1.so
0054d000-0054e000 r--p 00008000 08:02 476292     /lib/libnss_nis-2.12.1.so
0054e000-0054f000 rw-p 00009000 08:02 476292     /lib/libnss_nis-2.12.1.so
00589000-0059e000 r-xp 00000000 08:02 476623     /lib/libpthread-2.12.1.so
0059e000-0059f000 ---p 00015000 08:02 476623     /lib/libpthread-2.12.1.so
0059f000-005a0000 r--p 00015000 08:02 476623     /lib/libpthread-2.12.1.so
005a0000-005a1000 rw-p 00016000 08:02 476623     /lib/libpthread-2.12.1.so
005a1000-005a3000 rw-p 00000000 00:00 0 
00691000-006a4000 r-xp 00000000 08:02 524511     /lib/libz.so.1.2.3.4
006a4000-006a5000 r--p 00012000 08:02 524511     /lib/libz.so.1.2.3.4
006a5000-006a6000 rw-p 00013000 08:02 524511     /lib/libz.so.1.2.3.4
0087f000-008a3000 r-xp 00000000 08:02 475350     /lib/libm-2.12.1.so
008a3000-008a4000 r--p 00023000 08:02 475350     /lib/libm-2.12.1.so
008a4000-008a5000 rw-p 00024000 08:02 475350     /lib/libm-2.12.1.so
00a1a000-00a25000 r-xp 00000000 08:02 101176     /usr/lib/jvm/java-6-openjdk/jre/lib/i386/libverify.so
00a25000-00a26000 ---p 0000b000 08:02 101176     /usr/lib/jvm/java-6-openjdk/jre/lib/i386/libverify.so
00a26000-00a27000 r--p 0000b000 08:02 101176     /usr/lib/jvm/java-6-openjdk/jre/lib/i386/libverify.so
00a27000-00a28000 rw-p 0000c000 08:02 101176     /usr/lib/jvm/java-6-openjdk/jre/lib/i386/libverify.so
00a83000-00a86000 r-xp 00000000 08:02 101146     /usr/lib/jvm/java-6-openjdk/jre/lib/i386/jli/libjli.so
00a86000-00a87000 r--p 00002000 08:02 101146     /usr/lib/jvm/java-6-openjdk/jre/lib/i386/jli/libjli.so
00a87000-00a88000 rw-p 00003000 08:02 101146     /usr/lib/jvm/java-6-openjdk/jre/lib/i386/jli/libjli.so
00b34000-00b36000 r-xp 00000000 08:02 475348     /lib/libdl-2.12.1.so
00b36000-00b37000 r--p 00001000 08:02 475348     /lib/libdl-2.12.1.so
00b37000-00b38000 rw-p 00002000 08:02 475348     /lib/libdl-2.12.1.so
00d61000-00d74000 r-xp 00000000 08:02 475546     /lib/libnsl-2.12.1.so
00d74000-00d75000 r--p 00012000 08:02 475546     /lib/libnsl-2.12.1.so
00d75000-00d76000 rw-p 00013000 08:02 475546     /lib/libnsl-2.12.1.so
00d76000-00d78000 rw-p 00000000 00:00 0 
00e82000-00fd9000 r-xp 00000000 08:02 475343     /lib/libc-2.12.1.so
00fd9000-00fdb000 r--p 00157000 08:02 475343     /lib/libc-2.12.1.so
00fdb000-00fdc000 rw-p 00159000 08:02 475343     /lib/libc-2.12.1.so
00fdc000-00fdf000 rw-p 00000000 00:00 0 
00fdf000-01432000 r-xp 00000000 08:02 101156     /usr/lib/jvm/java-6-openjdk/jre/lib/i386/client/libjvm.so
01432000-01449000 r--p 00453000 08:02 101156     /usr/lib/jvm/java-6-openjdk/jre/lib/i386/client/libjvm.so
01449000-01456000 rw-p 0046a000 08:02 101156     /usr/lib/jvm/java-6-openjdk/jre/lib/i386/client/libjvm.so
01456000-01872000 rw-p 00000000 00:00 0 
08048000-08051000 r-xp 00000000 08:02 624546     /usr/lib/jvm/java-6-openjdk/jre/bin/java
08051000-08052000 r--p 00008000 08:02 624546     /usr/lib/jvm/java-6-openjdk/jre/bin/java
08052000-08053000 rw-p 00009000 08:02 624546     /usr/lib/jvm/java-6-openjdk/jre/bin/java
094aa000-0950d000 rw-p 00000000 00:00 0          [heap]
914de000-91543000 r--s 004cb000 08:01 657443     /media/20gb/android/android-sdk-linux_x86/platforms/android-8/android.jar
91543000-9154a000 rw-p 00000000 00:00 0 
9154a000-91564000 rw-p 00000000 00:00 0 
91564000-9156a000 rw-p 00000000 00:00 0 
9156a000-9160f000 rw-p 00000000 00:00 0 
9160f000-91612000 rw-p 00000000 00:00 0 
91612000-91664000 rw-p 00000000 00:00 0 
91664000-9166a000 rw-p 00000000 00:00 0 
9166a000-9170f000 rw-p 00000000 00:00 0 
9170f000-91715000 rw-p 00000000 00:00 0 
91715000-9172f000 rw-p 00000000 00:00 0 
9172f000-91c80000 rw-p 00000000 00:00 0 
91c80000-9c1d0000 rw-p 00000000 00:00 0 
9c1d0000-9cc80000 rw-p 00000000 00:00 0 
9cc80000-b1730000 rw-p 00000000 00:00 0 
b1730000-b2330000 rw-p 00000000 00:00 0 
b2330000-b5730000 rw-p 00000000 00:00 0 
b573c000-b573d000 rw-p 00000000 00:00 0 
b573d000-b57bc000 rw-p 00000000 00:00 0 
b57bc000-b57ec000 rwxp 00000000 00:00 0 
b57ec000-b77bc000 rw-p 00000000 00:00 0 
b77bc000-b77bf000 ---p 00000000 00:00 0 
b77bf000-b7810000 rw-p 00000000 00:00 0 
b7821000-b7829000 rw-s 00000000 08:02 747561     /tmp/hsperfdata_shuairan/22160
b7829000-b782a000 rw-p 00000000 00:00 0 
b782a000-b782b000 r--p 00000000 00:00 0 
b782b000-b782d000 rw-p 00000000 00:00 0 
bfbd5000-bfbf6000 rw-p 00000000 00:00 0          [stack]

VM Arguments:
jvm_args: -Dfile.encoding=UTF-8 -Xbootclasspath:/media/20gb/android/android-sdk-linux_x86/platforms/android-8/android.jar 
java_command: sr.listener.NetworkListener
Launcher Type: SUN_STANDARD

Environment Variables:
PATH=/usr/local/sbin:/usr/local/bin:/usr/sbin:/usr/bin:/sbin:/bin:/usr/games
USERNAME=shuairan
LD_LIBRARY_PATH=/usr/lib/jvm/java-6-openjdk/jre/lib/i386/client:/usr/lib/jvm/java-6-openjdk/jre/lib/i386:/usr/lib/jvm/java-6-openjdk/jre/../lib/i386:/usr/lib/jvm/java-6-openjdk/jre/lib/i386/client:/usr/lib/jvm/java-6-openjdk/jre/lib/i386:
SHELL=/bin/bash
DISPLAY=:0.0

Signal Handlers:
SIGSEGV: [libjvm.so+0x3ea1b0], sa_mask[0]=0x7ffbfeff, sa_flags=0x10000004
SIGBUS: [libjvm.so+0x3ea1b0], sa_mask[0]=0x7ffbfeff, sa_flags=0x10000004
SIGFPE: [libjvm.so+0x30d250], sa_mask[0]=0x7ffbfeff, sa_flags=0x10000004
SIGPIPE: [libjvm.so+0x30d250], sa_mask[0]=0x7ffbfeff, sa_flags=0x10000004
SIGXFSZ: [libjvm.so+0x30d250], sa_mask[0]=0x7ffbfeff, sa_flags=0x10000004
SIGILL: [libjvm.so+0x30d250], sa_mask[0]=0x7ffbfeff, sa_flags=0x10000004
SIGUSR1: SIG_DFL, sa_mask[0]=0x00000000, sa_flags=0x00000000
SIGUSR2: [libjvm.so+0x30c900], sa_mask[0]=0x00000004, sa_flags=0x10000004
SIGHUP: SIG_DFL, sa_mask[0]=0x00000000, sa_flags=0x00000000
SIGINT: SIG_DFL, sa_mask[0]=0x00000000, sa_flags=0x00000000
SIGTERM: SIG_DFL, sa_mask[0]=0x00000000, sa_flags=0x00000000
SIGQUIT: SIG_DFL, sa_mask[0]=0x00000000, sa_flags=0x00000000


---------------  S Y S T E M  ---------------

OS:Ubuntu 10.10 (maverick)
uname:Linux 2.6.35-28-generic #50-Ubuntu SMP Fri Mar 18 19:00:26 UTC 2011 i686
libc:glibc 2.12.1 NPTL 2.12.1 
rlimit: STACK 8192k, CORE 0k, NPROC infinity, NOFILE 1024, AS infinity
load average:0.13 0.17 0.21

/proc/meminfo:
MemTotal:        2059780 kB
MemFree:           53480 kB
Buffers:           85772 kB
Cached:           642448 kB
SwapCached:        10232 kB
Active:          1163124 kB
Inactive:         686408 kB
Active(anon):     746024 kB
Inactive(anon):   391412 kB
Active(file):     417100 kB
Inactive(file):   294996 kB
Unevictable:          64 kB
Mlocked:              64 kB
HighTotal:       1186696 kB
HighFree:           1732 kB
LowTotal:         873084 kB
LowFree:           51748 kB
SwapTotal:       1084380 kB
SwapFree:         959212 kB
Dirty:             31076 kB
Writeback:             0 kB
AnonPages:       1112916 kB
Mapped:           123620 kB
Shmem:             16060 kB
Slab:              97220 kB
SReclaimable:      81296 kB
SUnreclaim:        15924 kB
KernelStack:        3632 kB
PageTables:        10284 kB
NFS_Unstable:          0 kB
Bounce:                0 kB
WritebackTmp:          0 kB
CommitLimit:     2114268 kB
Committed_AS:    3026188 kB
VmallocTotal:     122880 kB
VmallocUsed:       64896 kB
VmallocChunk:      50720 kB
HardwareCorrupted:     0 kB
HugePages_Total:       0
HugePages_Free:        0
HugePages_Rsvd:        0
HugePages_Surp:        0
Hugepagesize:       4096 kB
DirectMap4k:       57336 kB
DirectMap4M:      851968 kB


CPU:total 1 (1 cores per cpu, 1 threads per core) family 6 model 13 stepping 8, cmov, cx8, fxsr, mmx, sse, sse2

Memory: 4k page, physical 2059780k(53480k free), swap 1084380k(959212k free)

vm_info: OpenJDK Client VM (19.0-b09) for linux-x86 JRE (1.6.0_20-b20), built on Feb 23 2011 09:10:41 by "buildd" with gcc 4.4.5

time: Mon Jun 13 12:37:35 2011
elapsed time: 0 seconds

