#
# A fatal error has been detected by the Java Runtime Environment:
#
#  Internal Error (classFileParser.cpp:3375), pid=22178, tid=3078306672
#  Error: ShouldNotReachHere()
#
# JRE version: 6.0_20-b20
# Java VM: OpenJDK Client VM (19.0-b09 mixed mode linux-x86 )
# Derivative: IcedTea6 1.9.7
# Distribution: Ubuntu 10.10, package 6b20-1.9.7-0ubuntu1
# If you would like to submit a bug report, please include
# instructions how to reproduce the bug and visit:
#   https://bugs.launchpad.net/ubuntu/+source/openjdk-6/
#

---------------  T H R E A D  ---------------

Current thread (0x08205000):  JavaThread "Unknown thread" [_thread_in_vm, id=22181, stack(0xb7763000,0xb77b4000)]

Stack: [0xb7763000,0xb77b4000],  sp=0xb77b2800,  free space=318k
Native frames: (J=compiled Java code, j=interpreted, Vv=VM code, C=native code)
V  [libjvm.so+0x3e95a7]
V  [libjvm.so+0x3e97f1]
V  [libjvm.so+0x17865e]
V  [libjvm.so+0x1786d9]
V  [libjvm.so+0x1201e6]
V  [libjvm.so+0x12347b]
V  [libjvm.so+0x38fdf9]
V  [libjvm.so+0x3907d2]
V  [libjvm.so+0x390bb4]
V  [libjvm.so+0x391b90]
V  [libjvm.so+0x391c4a]
V  [libjvm.so+0x391cdd]
V  [libjvm.so+0x391d36]
V  [libjvm.so+0x391e13]
V  [libjvm.so+0x392109]
V  [libjvm.so+0x3c93ef]
V  [libjvm.so+0x3c9dfc]
V  [libjvm.so+0x1d9b98]
V  [libjvm.so+0x3bd3dc]
V  [libjvm.so+0x2133ec]
C  [java+0x2238]  JavaMain+0x88
C  [libpthread.so.0+0x5cc9]


---------------  P R O C E S S  ---------------

Java Threads: ( => current thread )

Other Threads:

=>0x08205000 (exited) JavaThread "Unknown thread" [_thread_in_vm, id=22181, stack(0xb7763000,0xb77b4000)]

VM state:not at safepoint (not fully initialized)

VM Mutex/Monitor currently owned by a thread: None

Dynamic libraries:
00110000-00267000 r-xp 00000000 08:02 475343     /lib/libc-2.12.1.so
00267000-00269000 r--p 00157000 08:02 475343     /lib/libc-2.12.1.so
00269000-0026a000 rw-p 00159000 08:02 475343     /lib/libc-2.12.1.so
0026a000-0026d000 rw-p 00000000 00:00 0 
00469000-00470000 r-xp 00000000 08:02 476625     /lib/librt-2.12.1.so
00470000-00471000 r--p 00006000 08:02 476625     /lib/librt-2.12.1.so
00471000-00472000 rw-p 00007000 08:02 476625     /lib/librt-2.12.1.so
004fd000-00510000 r-xp 00000000 08:02 475546     /lib/libnsl-2.12.1.so
00510000-00511000 r--p 00012000 08:02 475546     /lib/libnsl-2.12.1.so
00511000-00512000 rw-p 00013000 08:02 475546     /lib/libnsl-2.12.1.so
00512000-00514000 rw-p 00000000 00:00 0 
0059b000-005b7000 r-xp 00000000 08:02 459160     /lib/ld-2.12.1.so
005b7000-005b8000 r--p 0001b000 08:02 459160     /lib/ld-2.12.1.so
005b8000-005b9000 rw-p 0001c000 08:02 459160     /lib/ld-2.12.1.so
005cd000-005ef000 r-xp 00000000 08:02 101130     /usr/lib/jvm/java-6-openjdk/jre/lib/i386/libjava.so
005ef000-005f0000 r--p 00021000 08:02 101130     /usr/lib/jvm/java-6-openjdk/jre/lib/i386/libjava.so
005f0000-005f2000 rw-p 00022000 08:02 101130     /usr/lib/jvm/java-6-openjdk/jre/lib/i386/libjava.so
007ff000-00814000 r-xp 00000000 08:02 476623     /lib/libpthread-2.12.1.so
00814000-00815000 ---p 00015000 08:02 476623     /lib/libpthread-2.12.1.so
00815000-00816000 r--p 00015000 08:02 476623     /lib/libpthread-2.12.1.so
00816000-00817000 rw-p 00016000 08:02 476623     /lib/libpthread-2.12.1.so
00817000-00819000 rw-p 00000000 00:00 0 
0085a000-00860000 r-xp 00000000 08:02 101162     /usr/lib/jvm/java-6-openjdk/jre/lib/i386/native_threads/libhpi.so
00860000-00861000 r--p 00005000 08:02 101162     /usr/lib/jvm/java-6-openjdk/jre/lib/i386/native_threads/libhpi.so
00861000-00862000 rw-p 00006000 08:02 101162     /usr/lib/jvm/java-6-openjdk/jre/lib/i386/native_threads/libhpi.so
009a4000-009af000 r-xp 00000000 08:02 101176     /usr/lib/jvm/java-6-openjdk/jre/lib/i386/libverify.so
009af000-009b0000 ---p 0000b000 08:02 101176     /usr/lib/jvm/java-6-openjdk/jre/lib/i386/libverify.so
009b0000-009b1000 r--p 0000b000 08:02 101176     /usr/lib/jvm/java-6-openjdk/jre/lib/i386/libverify.so
009b1000-009b2000 rw-p 0000c000 08:02 101176     /usr/lib/jvm/java-6-openjdk/jre/lib/i386/libverify.so
009d9000-009ec000 r-xp 00000000 08:02 524511     /lib/libz.so.1.2.3.4
009ec000-009ed000 r--p 00012000 08:02 524511     /lib/libz.so.1.2.3.4
009ed000-009ee000 rw-p 00013000 08:02 524511     /lib/libz.so.1.2.3.4
00a6d000-00a77000 r-xp 00000000 08:02 476290     /lib/libnss_files-2.12.1.so
00a77000-00a78000 r--p 00009000 08:02 476290     /lib/libnss_files-2.12.1.so
00a78000-00a79000 rw-p 0000a000 08:02 476290     /lib/libnss_files-2.12.1.so
00ad8000-00ad9000 r-xp 00000000 00:00 0          [vdso]
00b81000-00b83000 r-xp 00000000 08:02 475348     /lib/libdl-2.12.1.so
00b83000-00b84000 r--p 00001000 08:02 475348     /lib/libdl-2.12.1.so
00b84000-00b85000 rw-p 00002000 08:02 475348     /lib/libdl-2.12.1.so
00bdb000-00be4000 r-xp 00000000 08:02 476292     /lib/libnss_nis-2.12.1.so
00be4000-00be5000 r--p 00008000 08:02 476292     /lib/libnss_nis-2.12.1.so
00be5000-00be6000 rw-p 00009000 08:02 476292     /lib/libnss_nis-2.12.1.so
00d3f000-00d45000 r-xp 00000000 08:02 101140     /usr/lib/jvm/java-6-openjdk/jre/lib/i386/libzip.so
00d45000-00d46000 r--p 00005000 08:02 101140     /usr/lib/jvm/java-6-openjdk/jre/lib/i386/libzip.so
00d46000-00d47000 rw-p 00006000 08:02 101140     /usr/lib/jvm/java-6-openjdk/jre/lib/i386/libzip.so
00db0000-00dd4000 r-xp 00000000 08:02 475350     /lib/libm-2.12.1.so
00dd4000-00dd5000 r--p 00023000 08:02 475350     /lib/libm-2.12.1.so
00dd5000-00dd6000 rw-p 00024000 08:02 475350     /lib/libm-2.12.1.so
00e6f000-00e75000 r-xp 00000000 08:02 475551     /lib/libnss_compat-2.12.1.so
00e75000-00e76000 r--p 00006000 08:02 475551     /lib/libnss_compat-2.12.1.so
00e76000-00e77000 rw-p 00007000 08:02 475551     /lib/libnss_compat-2.12.1.so
00eda000-00edd000 r-xp 00000000 08:02 101146     /usr/lib/jvm/java-6-openjdk/jre/lib/i386/jli/libjli.so
00edd000-00ede000 r--p 00002000 08:02 101146     /usr/lib/jvm/java-6-openjdk/jre/lib/i386/jli/libjli.so
00ede000-00edf000 rw-p 00003000 08:02 101146     /usr/lib/jvm/java-6-openjdk/jre/lib/i386/jli/libjli.so
00edf000-01332000 r-xp 00000000 08:02 101156     /usr/lib/jvm/java-6-openjdk/jre/lib/i386/client/libjvm.so
01332000-01349000 r--p 00453000 08:02 101156     /usr/lib/jvm/java-6-openjdk/jre/lib/i386/client/libjvm.so
01349000-01356000 rw-p 0046a000 08:02 101156     /usr/lib/jvm/java-6-openjdk/jre/lib/i386/client/libjvm.so
01356000-01772000 rw-p 00000000 00:00 0 
08048000-08051000 r-xp 00000000 08:02 624546     /usr/lib/jvm/java-6-openjdk/jre/bin/java
08051000-08052000 r--p 00008000 08:02 624546     /usr/lib/jvm/java-6-openjdk/jre/bin/java
08052000-08053000 rw-p 00009000 08:02 624546     /usr/lib/jvm/java-6-openjdk/jre/bin/java
081ff000-08262000 rw-p 00000000 00:00 0          [heap]
9148e000-914f3000 r--s 004cb000 08:01 657443     /media/20gb/android/android-sdk-linux_x86/platforms/android-8/android.jar
914f3000-914fa000 rw-p 00000000 00:00 0 
914fa000-91514000 rw-p 00000000 00:00 0 
91514000-9151a000 rw-p 00000000 00:00 0 
9151a000-915bf000 rw-p 00000000 00:00 0 
915bf000-915c2000 rw-p 00000000 00:00 0 
915c2000-91614000 rw-p 00000000 00:00 0 
91614000-9161a000 rw-p 00000000 00:00 0 
9161a000-916bf000 rw-p 00000000 00:00 0 
916bf000-916c5000 rw-p 00000000 00:00 0 
916c5000-916df000 rw-p 00000000 00:00 0 
916df000-91c30000 rw-p 00000000 00:00 0 
91c30000-9c180000 rw-p 00000000 00:00 0 
9c180000-9cc30000 rw-p 00000000 00:00 0 
9cc30000-b16e0000 rw-p 00000000 00:00 0 
b16e0000-b22e0000 rw-p 00000000 00:00 0 
b22e0000-b56e0000 rw-p 00000000 00:00 0 
b56e3000-b56e4000 rw-p 00000000 00:00 0 
b56e4000-b5763000 rw-p 00000000 00:00 0 
b5763000-b5793000 rwxp 00000000 00:00 0 
b5793000-b7763000 rw-p 00000000 00:00 0 
b7763000-b7766000 ---p 00000000 00:00 0 
b7766000-b77b7000 rw-p 00000000 00:00 0 
b77c8000-b77d0000 rw-s 00000000 08:02 747561     /tmp/hsperfdata_shuairan/22178
b77d0000-b77d1000 rw-p 00000000 00:00 0 
b77d1000-b77d2000 r--p 00000000 00:00 0 
b77d2000-b77d4000 rw-p 00000000 00:00 0 
bfcbb000-bfcdc000 rw-p 00000000 00:00 0          [stack]

VM Arguments:
jvm_args: -Dfile.encoding=UTF-8 -Xbootclasspath:/media/20gb/android/android-sdk-linux_x86/platforms/android-8/android.jar 
java_command: sr.listener.NetworkListener
Launcher Type: SUN_STANDARD

Environment Variables:
PATH=/usr/local/sbin:/usr/local/bin:/usr/sbin:/usr/bin:/sbin:/bin:/usr/games
USERNAME=shuairan
LD_LIBRARY_PATH=/usr/lib/jvm/java-6-openjdk/jre/lib/i386/client:/usr/lib/jvm/java-6-openjdk/jre/lib/i386:/usr/lib/jvm/java-6-openjdk/jre/../lib/i386:/usr/lib/jvm/java-6-openjdk/jre/lib/i386/client:/usr/lib/jvm/java-6-openjdk/jre/lib/i386:
SHELL=/bin/bash
DISPLAY=:0.0

Signal Handlers:
SIGSEGV: [libjvm.so+0x3ea1b0], sa_mask[0]=0x7ffbfeff, sa_flags=0x10000004
SIGBUS: [libjvm.so+0x3ea1b0], sa_mask[0]=0x7ffbfeff, sa_flags=0x10000004
SIGFPE: [libjvm.so+0x30d250], sa_mask[0]=0x7ffbfeff, sa_flags=0x10000004
SIGPIPE: [libjvm.so+0x30d250], sa_mask[0]=0x7ffbfeff, sa_flags=0x10000004
SIGXFSZ: [libjvm.so+0x30d250], sa_mask[0]=0x7ffbfeff, sa_flags=0x10000004
SIGILL: [libjvm.so+0x30d250], sa_mask[0]=0x7ffbfeff, sa_flags=0x10000004
SIGUSR1: SIG_DFL, sa_mask[0]=0x00000000, sa_flags=0x00000000
SIGUSR2: [libjvm.so+0x30c900], sa_mask[0]=0x00000004, sa_flags=0x10000004
SIGHUP: SIG_DFL, sa_mask[0]=0x00000000, sa_flags=0x00000000
SIGINT: SIG_DFL, sa_mask[0]=0x00000000, sa_flags=0x00000000
SIGTERM: SIG_DFL, sa_mask[0]=0x00000000, sa_flags=0x00000000
SIGQUIT: SIG_DFL, sa_mask[0]=0x00000000, sa_flags=0x00000000


---------------  S Y S T E M  ---------------

OS:Ubuntu 10.10 (maverick)
uname:Linux 2.6.35-28-generic #50-Ubuntu SMP Fri Mar 18 19:00:26 UTC 2011 i686
libc:glibc 2.12.1 NPTL 2.12.1 
rlimit: STACK 8192k, CORE 0k, NPROC infinity, NOFILE 1024, AS infinity
load average:0.09 0.15 0.20

/proc/meminfo:
MemTotal:        2059780 kB
MemFree:           73552 kB
Buffers:           78300 kB
Cached:           632388 kB
SwapCached:        10112 kB
Active:          1141276 kB
Inactive:         690428 kB
Active(anon):     739992 kB
Inactive(anon):   397148 kB
Active(file):     401284 kB
Inactive(file):   293280 kB
Unevictable:          64 kB
Mlocked:              64 kB
HighTotal:       1186696 kB
HighFree:           8924 kB
LowTotal:         873084 kB
LowFree:           64628 kB
SwapTotal:       1084380 kB
SwapFree:         959016 kB
Dirty:               228 kB
Writeback:             0 kB
AnonPages:       1112816 kB
Mapped:           123640 kB
Shmem:             16060 kB
Slab:              94756 kB
SReclaimable:      79476 kB
SUnreclaim:        15280 kB
KernelStack:        3616 kB
PageTables:        10292 kB
NFS_Unstable:          0 kB
Bounce:                0 kB
WritebackTmp:          0 kB
CommitLimit:     2114268 kB
Committed_AS:    3026188 kB
VmallocTotal:     122880 kB
VmallocUsed:       64896 kB
VmallocChunk:      50720 kB
HardwareCorrupted:     0 kB
HugePages_Total:       0
HugePages_Free:        0
HugePages_Rsvd:        0
HugePages_Surp:        0
Hugepagesize:       4096 kB
DirectMap4k:       57336 kB
DirectMap4M:      851968 kB


CPU:total 1 (1 cores per cpu, 1 threads per core) family 6 model 13 stepping 8, cmov, cx8, fxsr, mmx, sse, sse2

Memory: 4k page, physical 2059780k(73552k free), swap 1084380k(959016k free)

vm_info: OpenJDK Client VM (19.0-b09) for linux-x86 JRE (1.6.0_20-b20), built on Feb 23 2011 09:10:41 by "buildd" with gcc 4.4.5

time: Mon Jun 13 12:38:30 2011
elapsed time: 0 seconds

